Diagnose log at 2024-09-23T07:06:49Z

AppPath: C:\Program Files\Git\mingw64\bin\git-credential-manager.exe
InstallDir: C:\Program Files\Git\mingw64\bin\
Version: 2.5.1+90d5f897f164a8fe07d2aa3bf7db439b0b4e03ea

------------
Diagnostic: Environment
Skipped: False
Success: True
Exception: None
Log:
OSType: Windows
OSVersion: 10.0 (build 22631)
Reading environment variables... OK
 Variables:
HOMEPATH=\Users\Noman Hussain
DriverData=C:\Windows\System32\Drivers\DriverData
COMPUTERNAME=LAPTOP-PJG5SGNB
GIT_TRACE2_PARENT_SID=c54d1964-1477-46cd-bb1c-e65fd5103ab8
CommonProgramFiles(x86)=C:\Program Files (x86)\Common Files
OneDrive=C:\Users\Noman Hussain\OneDrive - ABES
ChocolateyLastPathUpdate=133574218610157013
SESSIONNAME=Console
LANG=en_US.UTF-8
TMP=C:\Users\NOMANH~1\AppData\Local\Temp
PROCESSOR_REVISION=5000
PATHEXT=.COM;.EXE;.BAT;.CMD;.VBS;.VBE;.JS;.JSE;.WSF;.WSH;.MSC;.PY;.PYW;.CPL
GIT_ASKPASS=c:\Users\Noman Hussain\AppData\Local\Programs\Microsoft VS Code\resources\app\extensions\git\dist\askpass.sh
GIT_EXEC_PATH=C:/Program Files/Git/mingw64/libexec/git-core
TEMP=C:\Users\NOMANH~1\AppData\Local\Temp
LOCALAPPDATA=C:\Users\Noman Hussain\AppData\Local
MSYSTEM=MINGW64
TERM=xterm-256color
ProgramW6432=C:\Program Files
JAVA_HOME=C:\Users\Noman Hussain\AppData\Local\Programs\Eclipse Adoptium\jdk-17.0.10.7-hotspot\
USERDOMAIN=LAPTOP-PJG5SGNB
Path=C:/Program Files/Git/mingw64/libexec/git-core;C:\Program Files\Git\mingw64\bin;C:\Program Files\Git\usr\bin;C:\Users\Noman Hussain\bin;C:\Python312\Scripts\;C:\Python312\;C:\Program Files\Common Files\Oracle\Java\javapath;C:\Program Files (x86)\Common Files\Oracle\Java\javapath;C:\Windows\system32;C:\Windows;C:\Windows\System32\Wbem;C:\Windows\System32\WindowsPowerShell\v1.0\;C:\Windows\System32\OpenSSH\;C:\Program Files (x86)\NVIDIA Corporation\PhysX\Common;C:\Program Files\NVIDIA Corporation\NVIDIA NvDLISR;C:\WINDOWS\system32;C:\WINDOWS;C:\WINDOWS\System32\Wbem;C:\WINDOWS\System32\WindowsPowerShell\v1.0\;C:\WINDOWS\System32\OpenSSH\;C:\MinGW\bin;C:\Program Files\nodejs\;C:\ProgramData\chocolatey\bin;C:\Program Files\Git\cmd;C:\Users\Noman Hussain\AppData\Local\Programs\Eclipse Adoptium\jdk-17.0.10.7-hotspot\bin;C:\Users\Noman Hussain\AppData\Local\Microsoft\WindowsApps;C:\MinGW\bin;C:\Users\Noman Hussain\AppData\Roaming\npm;C:\Program Files\JetBrains\IntelliJ IDEA Community Edition 2024.1\bin;
TERM_PROGRAM=vscode
PROCESSOR_LEVEL=25
PROCESSOR_IDENTIFIER=AMD64 Family 25 Model 80 Stepping 0, AuthenticAMD
TMPDIR=C:\Users\NOMANH~1\AppData\Local\Temp
VSCODE_GIT_ASKPASS_EXTRA_ARGS=
APPDATA=C:\Users\Noman Hussain\AppData\Roaming
VSCODE_GIT_ASKPASS_NODE=C:\Users\Noman Hussain\AppData\Local\Programs\Microsoft VS Code\Code.exe
TERM_PROGRAM_VERSION=1.93.1
VSCODE_GIT_ASKPASS_MAIN=c:\Users\Noman Hussain\AppData\Local\Programs\Microsoft VS Code\resources\app\extensions\git\dist\askpass-main.js
ProgramFiles(x86)=C:\Program Files (x86)
PUBLIC=C:\Users\Public
NUMBER_OF_PROCESSORS=12
FPS_BROWSER_USER_PROFILE_STRING=Default
CommonProgramFiles=C:\Program Files (x86)\Common Files
VSCODE_INJECTION=1
VSCODE_NONCE=54320eac-6c94-49b4-8287-12608bcfbc5c
VSCODE_GIT_IPC_HANDLE=\\.\pipe\vscode-git-a6f37b5fab-sock
CHROME_CRASHPAD_PIPE_NAME=\\.\pipe\crashpad_21500_GDNNBYBPWFYFFBFX
ProgramFiles=C:\Program Files (x86)
ProgramData=C:\ProgramData
MSYS=disable_pcon
ChocolateyInstall=C:\ProgramData\chocolatey
PLINK_PROTOCOL=ssh
EFC_6804=1
SystemRoot=C:\WINDOWS
ORIGINAL_XDG_CURRENT_DESKTOP=undefined
HOME=C:\Users\Noman Hussain
VSCODE_STABLE=1
CommonProgramW6432=C:\Program Files\Common Files
LOGONSERVER=\\LAPTOP-PJG5SGNB
USERPROFILE=C:\Users\Noman Hussain
COLORTERM=truecolor
USERDOMAIN_ROAMINGPROFILE=LAPTOP-PJG5SGNB
IntelliJ IDEA Community Edition=C:\Program Files\JetBrains\IntelliJ IDEA Community Edition 2024.1\bin;
HOMEDRIVE=C:
OneDriveCommercial=C:\Users\Noman Hussain\OneDrive - ABES
PSModulePath=C:\Users\Noman Hussain\OneDrive\Documents\WindowsPowerShell\Modules;C:\Program Files\WindowsPowerShell\Modules;C:\WINDOWS\system32\WindowsPowerShell\v1.0\Modules
USERNAME=Noman Hussain
PROCESSOR_ARCHITEW6432=AMD64
FPS_BROWSER_APP_PROFILE_STRING=Internet Explorer
PROCESSOR_ARCHITECTURE=x86
OS=Windows_NT
ComSpec=C:\WINDOWS\system32\cmd.exe
SystemDrive=C:
windir=C:\WINDOWS
OneDriveConsumer=C:\Users\Noman Hussain\OneDrive
ALLUSERSPROFILE=C:\ProgramData


------------
Diagnostic: File system
Skipped: False
Success: True
Exception: None
Log:
Temporary directory is 'C:\Users\Noman Hussain\AppData\Local\Temp\'...
Checking basic file I/O...
Writing to temporary file 'C:\Users\Noman Hussain\AppData\Local\Temp\dc7b4d44a937840868e4ac09'... OK
Reading from temporary file 'C:\Users\Noman Hussain\AppData\Local\Temp\dc7b4d44a937840868e4ac09'... OK
Deleting temporary file 'C:\Users\Noman Hussain\AppData\Local\Temp\dc7b4d44a937840868e4ac09'... OK
Testing IFileSystem instance...
UserHomePath: C:\Users\Noman Hussain
UserDataDirectoryPath: C:\Users\Noman Hussain\.gcm
GetCurrentDirectory(): C:\Users\Noman Hussain\OneDrive\Desktop\Demo_Git\Full_Stack_Projects

------------
Diagnostic: Networking
Skipped: False
Success: True
Exception: None
Log:
Checking networking and HTTP stack...
Creating HTTP client... OK
IsNetworkAvailable: True
Sending HEAD request to http://example.com...Sending HEAD request to https://example.com... OK
 OK
Acquiring free TCP port... OK
Testing local HTTP loopback connections...
Creating new HTTP listener for http://localhost:52573/... OK
Waiting for loopback connection... OK
Writing response... OK
Waiting for response data... OK
Loopback connection data OK

------------
Diagnostic: Git
Skipped: False
Success: True
Exception: None
Log:
Getting Git version... OK
Git version is '2.46.1.windows.1'
Locating current repository...Git repository at 'C:/Users/Noman Hussain/OneDrive/Desktop/Demo_Git/Full_Stack_Projects/.git'
 OK
Listing all Git configuration... OK
Git configuration:
file:C:/Program Files/Git/etc/gitconfig	diff.astextplain.textconv=astextplain
file:C:/Program Files/Git/etc/gitconfig	filter.lfs.clean=git-lfs clean -- %f
file:C:/Program Files/Git/etc/gitconfig	filter.lfs.smudge=git-lfs smudge -- %f
file:C:/Program Files/Git/etc/gitconfig	filter.lfs.process=git-lfs filter-process
file:C:/Program Files/Git/etc/gitconfig	filter.lfs.required=true
file:C:/Program Files/Git/etc/gitconfig	http.sslbackend=openssl
file:C:/Program Files/Git/etc/gitconfig	http.sslcainfo=C:/Program Files/Git/mingw64/etc/ssl/certs/ca-bundle.crt
file:C:/Program Files/Git/etc/gitconfig	core.autocrlf=true
file:C:/Program Files/Git/etc/gitconfig	core.fscache=true
file:C:/Program Files/Git/etc/gitconfig	core.symlinks=false
file:C:/Program Files/Git/etc/gitconfig	pull.rebase=false
file:C:/Program Files/Git/etc/gitconfig	credential.helper=manager
file:C:/Program Files/Git/etc/gitconfig	credential.https://dev.azure.com.usehttppath=true
file:C:/Program Files/Git/etc/gitconfig	init.defaultbranch=master
file:C:/Users/Noman Hussain/.gitconfig	user.name=noman9568
file:C:/Users/Noman Hussain/.gitconfig	user.email=noman.22b0131078@abes.ac.in
file:C:/Users/Noman Hussain/.gitconfig	credential.helper=manager
file:.git/config	core.repositoryformatversion=0
file:.git/config	core.filemode=false
file:.git/config	core.bare=false
file:.git/config	core.logallrefupdates=true
file:.git/config	core.symlinks=false
file:.git/config	core.ignorecase=true
file:.git/config	remote.origin.url=https://github.com/noman9568/Full_Stack_Projects.git
file:.git/config	remote.origin.fetch=+refs/heads/*:refs/remotes/origin/*
file:.git/config	branch.Master.remote=origin
file:.git/config	branch.Master.merge=refs/heads/Master
file:.git/config	branch.Master.vscode-merge-base=origin/Master


------------
Diagnostic: Credential storage
Skipped: False
Success: True
Exception: None
Log:
ICredentialStore instance is of type: CredentialStore
Writing test credential... OK
Reading test credential... OK
Deleting test credential... OK

------------
Diagnostic: Microsoft authentication (AAD/MSA)
Skipped: False
Success: True
Exception: None
Log:
Broker is not enabled.
Flow type is: Auto
Gathering MSAL token cache data... OK
CacheDirectory: C:\Users\Noman Hussain\AppData\Local\.IdentityService
CacheFileName: msal.cache
CacheFilePath: C:\Users\Noman Hussain\AppData\Local\.IdentityService\msal.cache
Creating cache helper... OK
Verifying MSAL token cache persistence... OK

------------
Diagnostic: GitHub API
Skipped: False
Success: False
Exception:
System.Net.Http.HttpRequestException: Response status code does not indicate success: 403 (rate limit exceeded).
   at System.Net.Http.HttpResponseMessage.EnsureSuccessStatusCode()
   at GitHub.GitHubRestApi.<GetMetaInfoAsync>d__5.MoveNext()
--- End of stack trace from previous location where exception was thrown ---
   at System.Runtime.CompilerServices.TaskAwaiter.ThrowForNonSuccess(Task task)
   at System.Runtime.CompilerServices.TaskAwaiter.HandleNonSuccessAndDebuggerNotification(Task task)
   at System.Runtime.CompilerServices.TaskAwaiter`1.GetResult()
   at GitHub.Diagnostics.GitHubApiDiagnostic.<RunInternalAsync>d__2.MoveNext()
--- End of stack trace from previous location where exception was thrown ---
   at System.Runtime.CompilerServices.TaskAwaiter.ThrowForNonSuccess(Task task)
   at System.Runtime.CompilerServices.TaskAwaiter.HandleNonSuccessAndDebuggerNotification(Task task)
   at System.Runtime.CompilerServices.TaskAwaiter`1.GetResult()
   at GitCredentialManager.Diagnostics.Diagnostic.<RunAsync>d__6.MoveNext()
Log:
Using 'https://github.com/' as API target.
Querying '/meta' endpoint...
